9183865
285
10453210
1092753496
968847
777909
454104826
315980
198
431
356
548
491148
350258
786412867
133089
408
217207
166
94
329
981145
274478
516724813
516
486
138
778671945
708798
222
470
581594
1061311278
300247125
325599
695694700
1136437605
418
945602
695366286
69
9115
201
477
197523734
65
184
338
355571
294
127366
1195665145
386
39204989
36
211034967
7242
839038012
1191566028
59916
769432
862619
27599
101
1161600
924138
887083391
176
405
1105631223
918738
469
394921347
1240876585
134383576
409
76759
433479
597370
196026952
84
254419045
150761
517
251
592559958
222809
130105016
373
197166346
718974953
164256111
164
196682
727991317
937139
299
81
1251555
29072
294926086
184640678
724974358
929461
191
411
74057485
698452592
93024
254
307
918136
553739
399251
152555309
180276
128835
563
145586059
140669
376140207
61
309
249948
37459304
462256
52963987
529
807100197
185
1203473012
286989484
286398802
1284716
951784
