22046.23512
23957.69717
24181.88238
24461.80551
25043.70578
24629.74690
25024.83858
23812.97131
22059.09756
24470.10984
22508.36610
24745.73045
22042.99842
24462.74534
24343.36745
22129.17680
25044.17378
25115.08937
23789.44530
25075.25671
22732.26677
23169.86080
22628.73407
22954.12328
22104.40362
23257.45211
24554.44867
24520.09550
24085.58834
22350.30362
25001.43905
24292.68623
23041.18378
23096.51172
23449.04265
23032.33012
23275.57436
22418.54333
22159.04535
23233.80231
24321.62646
24688.53303
24296.11625
24234.59266
24805.53493
