24 61
3 8
92 429
221 466
266 314
15 16
24 51
12 97
23 26
27 81
9 12
1 100
72 78
206 242
250 303
460 472
206 271
134 315
288 387
98 469
73 272
162 459
5 11
2 3
19 71
19 60
24 96
22 48
96 456
4 263
185 375
77 342
191 357
213 235
13 17
5 11
13 98
13 290
141 215
7 18
69 127
144 480
284 330
2 183
54 310
308 428
5 16
41 59
58 95
38 391
168 443
168 366
385 495
132 301
9 401
28 95
73 77
33 95
31 50
1 77
68 88
68 95
20 91
9 17
12 19
2 8
12 13
3 13
73 81
218 340
6 436
367 369
3 8
16 19
53 54
36 41
8 15
5 6
50 96
41 57
4 12
9 20
64 87
21 100
14 17
50 78
27 66
346 410
146 303
6 84
8 13
48 50
1 50
2 71
33 76
8 85
16 80
9 17
74 88
65 85
229 285
89 187
280 329
7 9
27 75
48 262
11 308
305 389
3 7
3 5
11 19
419 444
17 41
117 471
58 89
20 66
100 429
172 181
208 447
78 483
113 182
362 365
66 74
40 297
252 435
31 54
64 83
113 322
198 305
125 456
87 99
46 73
8 16
16 19
267 399
299 345
79 340
1 5
139 397
227 400
89 478
6 25
42 45
292 494
221 275
115 240
153 202
136 318
59 277
161 370
88 275
122 493
34 50
24 99
4 9
298 309
219 330
193 270
15 18
71 116
276 361
146 255
189 365
205 237
312 459
5 10
59 86
55 56
39 97
47 65
65 363
234 269
335 380
41 99
7 39
273 284
184 457
55 57
11 58
23 65
