218 340
6 436
367 369
5 11
50 96
41 57
8 16
7 18
346 410
146 303
6 84
3 5
87 99
46 73
229 285
89 187
280 329
3 8
59 86
55 56
24 96
22 48
13 17
41 59
58 95
2 71
33 76
11 58
23 65
23 26
27 81
53 54
36 41
3 7
161 370
88 275
122 493
9 17
96 456
4 263
185 375
33 95
31 50
206 271
134 315
288 387
78 483
113 182
362 365
8 13
15 16
1 100
72 78
5 11
8 85
16 80
267 399
299 345
79 340
189 365
205 237
312 459
77 342
191 357
213 235
24 61
3 8
5 10
68 95
20 91
98 469
73 272
162 459
28 95
73 77
8 15
292 494
221 275
115 240
11 19
139 397
227 400
89 478
1 5
6 25
42 45
419 444
17 41
117 471
153 202
136 318
59 277
385 495
132 301
9 401
39 97
47 65
48 50
1 50
64 87
21 100
65 363
234 269
335 380
19 71
19 60
2 183
54 310
308 428
206 242
250 303
460 472
298 309
219 330
193 270
4 9
38 391
168 443
168 366
69 127
144 480
284 330
15 18
16 19
24 51
12 97
12 19
7 9
27 75
66 74
40 297
252 435
5 6
9 12
50 78
27 66
113 322
198 305
125 456
48 262
11 308
305 389
4 12
100 429
172 181
208 447
14 17
31 54
64 83
273 284
184 457
55 57
9 17
34 50
24 99
13 98
13 290
141 215
74 88
65 85
5 16
1 77
68 88
2 3
2 8
3 13
73 81
58 89
20 66
41 99
7 39
71 116
276 361
146 255
12 13
92 429
221 466
266 314
16 19
9 20
