218 340
6 436
367 369
58 89
20 66
59 86
55 56
50 78
27 66
385 495
132 301
9 401
12 19
69 127
144 480
284 330
48 262
11 308
305 389
206 242
250 303
460 472
41 99
7 39
3 7
66 74
40 297
252 435
48 50
1 50
7 9
27 75
65 363
234 269
335 380
33 95
31 50
53 54
36 41
24 51
12 97
15 16
13 17
24 61
3 8
139 397
227 400
89 478
100 429
172 181
208 447
28 95
73 77
1 77
68 88
96 456
4 263
185 375
7 18
87 99
46 73
161 370
88 275
122 493
9 12
5 10
16 19
267 399
299 345
79 340
298 309
219 330
193 270
92 429
221 466
266 314
9 20
1 100
72 78
11 19
8 85
16 80
3 8
68 95
20 91
5 6
34 50
24 99
50 96
41 57
8 13
8 16
77 342
191 357
213 235
19 71
19 60
2 3
346 410
146 303
6 84
5 11
292 494
221 275
115 240
189 365
205 237
312 459
2 8
9 17
2 71
33 76
39 97
47 65
15 18
4 12
12 13
5 16
229 285
89 187
280 329
8 15
153 202
136 318
59 277
38 391
168 443
168 366
31 54
64 83
74 88
65 85
24 96
22 48
9 17
71 116
276 361
146 255
6 25
42 45
419 444
17 41
117 471
206 271
134 315
288 387
14 17
1 5
5 11
78 483
113 182
362 365
16 19
64 87
21 100
3 13
73 81
113 322
198 305
125 456
3 5
23 26
27 81
4 9
2 183
54 310
308 428
273 284
184 457
55 57
11 58
23 65
13 98
13 290
141 215
98 469
73 272
162 459
41 59
58 95
