3 13
73 81
50 78
27 66
14 17
5 11
48 50
1 50
8 16
292 494
221 275
115 240
2 183
54 310
308 428
34 50
24 99
13 98
13 290
141 215
9 20
11 19
41 99
7 39
24 96
22 48
2 3
11 58
23 65
6 25
42 45
9 17
66 74
40 297
252 435
92 429
221 466
266 314
1 100
72 78
98 469
73 272
162 459
71 116
276 361
146 255
41 59
58 95
39 97
47 65
218 340
6 436
367 369
206 242
250 303
460 472
419 444
17 41
117 471
12 19
2 8
12 13
24 51
12 97
5 6
346 410
146 303
6 84
19 71
19 60
77 342
191 357
213 235
4 12
69 127
144 480
284 330
8 13
50 96
41 57
31 54
64 83
5 10
8 85
16 80
24 61
3 8
153 202
136 318
59 277
273 284
184 457
55 57
5 11
7 9
27 75
113 322
198 305
125 456
33 95
31 50
1 5
15 16
16 19
28 95
73 77
96 456
4 263
185 375
9 12
78 483
113 182
362 365
68 95
20 91
161 370
88 275
122 493
7 18
5 16
267 399
299 345
79 340
189 365
205 237
312 459
298 309
219 330
193 270
16 19
38 391
168 443
168 366
385 495
132 301
9 401
9 17
206 271
134 315
288 387
4 9
53 54
36 41
13 17
229 285
89 187
280 329
23 26
27 81
100 429
172 181
208 447
58 89
20 66
3 5
59 86
55 56
74 88
65 85
64 87
21 100
3 7
2 71
33 76
1 77
68 88
15 18
8 15
3 8
65 363
234 269
335 380
139 397
227 400
89 478
48 262
11 308
305 389
87 99
46 73
