9 12
59 86
55 56
1 5
78 483
113 182
362 365
8 13
267 399
299 345
79 340
33 95
31 50
8 85
16 80
71 116
276 361
146 255
48 50
1 50
218 340
6 436
367 369
5 16
385 495
132 301
9 401
419 444
17 41
117 471
24 61
3 8
16 19
13 98
13 290
141 215
13 17
15 18
8 15
161 370
88 275
122 493
139 397
227 400
89 478
66 74
40 297
252 435
50 96
41 57
39 97
47 65
153 202
136 318
59 277
41 59
58 95
92 429
221 466
266 314
53 54
36 41
28 95
73 77
9 17
189 365
205 237
312 459
229 285
89 187
280 329
23 26
27 81
206 271
134 315
288 387
100 429
172 181
208 447
5 11
1 77
68 88
87 99
46 73
68 95
20 91
65 363
234 269
335 380
69 127
144 480
284 330
14 17
5 6
12 19
4 9
6 25
42 45
3 13
73 81
2 3
3 7
292 494
221 275
115 240
7 9
27 75
16 19
3 8
9 17
5 10
11 58
23 65
11 19
58 89
20 66
2 183
54 310
308 428
98 469
73 272
162 459
206 242
250 303
460 472
346 410
146 303
6 84
74 88
65 85
9 20
298 309
219 330
193 270
2 8
5 11
8 16
12 13
38 391
168 443
168 366
1 100
72 78
7 18
24 51
12 97
4 12
77 342
191 357
213 235
64 87
21 100
113 322
198 305
125 456
34 50
24 99
3 5
19 71
19 60
48 262
11 308
305 389
96 456
4 263
185 375
50 78
27 66
15 16
273 284
184 457
55 57
2 71
33 76
31 54
64 83
24 96
22 48
41 99
7 39
