15 16
24 61
3 8
9 20
69 127
144 480
284 330
59 86
55 56
113 322
198 305
125 456
3 7
5 10
4 12
206 242
250 303
460 472
24 96
22 48
139 397
227 400
89 478
2 183
54 310
308 428
78 483
113 182
362 365
74 88
65 85
100 429
172 181
208 447
2 3
385 495
132 301
9 401
419 444
17 41
117 471
96 456
4 263
185 375
8 85
16 80
68 95
20 91
3 5
298 309
219 330
193 270
5 6
23 26
27 81
4 9
53 54
36 41
1 77
68 88
12 19
14 17
13 98
13 290
141 215
2 8
189 365
205 237
312 459
34 50
24 99
3 8
31 54
64 83
7 18
77 342
191 357
213 235
16 19
206 271
134 315
288 387
48 50
1 50
218 340
6 436
367 369
5 16
19 71
19 60
6 25
42 45
153 202
136 318
59 277
13 17
12 13
65 363
234 269
335 380
8 15
15 18
7 9
27 75
292 494
221 275
115 240
92 429
221 466
266 314
58 89
20 66
9 17
50 78
27 66
24 51
12 97
48 262
11 308
305 389
9 12
5 11
273 284
184 457
55 57
1 100
72 78
346 410
146 303
6 84
39 97
47 65
161 370
88 275
122 493
16 19
38 391
168 443
168 366
50 96
41 57
98 469
73 272
162 459
11 58
23 65
41 99
7 39
229 285
89 187
280 329
64 87
21 100
41 59
58 95
28 95
73 77
71 116
276 361
146 255
267 399
299 345
79 340
8 13
33 95
31 50
66 74
40 297
252 435
9 17
1 5
5 11
87 99
46 73
3 13
73 81
8 16
2 71
33 76
11 19
